11:18:16 **** Incremental Build of configuration Default for project cds-rts-econo ****
make -C /home/dev/kendrion/cds-rts-econo/Templates/CmpEconoIECStatusControl/Linux all 
make: Entering directory `/home/dev/kendrion/cds-rts-econo/Templates/CmpEconoIECStatusControl/Linux'
arm-linux-gcc -fPIC -c -DTRG_ARM -DALIGNATTRIB= -DCDECL= -DHANDLE_WIN32_PRAGMA -DDLL_DECL= -D_REENTRANT= -DHUGEPTR=  -O0 -Wall -Wno-unused -I../ -I../../../Components -I../../../Platforms/Linux -DLINUX -g -fPIC -o ../CmpEconoIECStatusControl.o ../CmpEconoIECStatusControl.c
arm-linux-gcc -shared -DTRG_ARM -DALIGNATTRIB= -DCDECL= -DHANDLE_WIN32_PRAGMA -DDLL_DECL= -D_REENTRANT= -DHUGEPTR=  -O0 -Wall -Wno-unused -I../ -I../../../Components -I../../../Platforms/Linux -DLINUX -g -fPIC -lpthread ../CmpEconoIECStatusControl.o -lc -Wl,-soname,libCmpEconoIECStatusControl.so -o libCmpEconoIECStatusControl.so
make: Leaving directory `/home/dev/kendrion/cds-rts-econo/Templates/CmpEconoIECStatusControl/Linux'
12:10:57 **** Incremental Build of configuration Default for project cds-rts-econo ****
make -C /home/dev/kendrion/cds-rts-econo/Templates/CmpEconoIECStatusControl/Linux all 
make: Entering directory `/home/dev/kendrion/cds-rts-econo/Templates/CmpEconoIECStatusControl/Linux'
make: Nothing to be done for `all'.
make: Leaving directory `/home/dev/kendrion/cds-rts-econo/Templates/CmpEconoIECStatusControl/Linux'
12:12:52 **** Incremental Build of configuration Default for project cds-rts-econo ****
make -C /home/dev/kendrion/cds-rts-econo/Templates/CmpEconoIECStatusControl/Linux all 
make: Entering directory `/home/dev/kendrion/cds-rts-econo/Templates/CmpEconoIECStatusControl/Linux'
make: Nothing to be done for `all'.
make: Leaving directory `/home/dev/kendrion/cds-rts-econo/Templates/CmpEconoIECStatusControl/Linux'
12:19:55 **** Incremental Build of configuration Default for project cds-rts-econo ****
make -C /home/dev/kendrion/cds-rts-econo/Templates/CmpEconoIECStatusControl/Linux all 
make: Entering directory `/home/dev/kendrion/cds-rts-econo/Templates/CmpEconoIECStatusControl/Linux'
make: Nothing to be done for `all'.
make: Leaving directory `/home/dev/kendrion/cds-rts-econo/Templates/CmpEconoIECStatusControl/Linux'
12:20:53 **** Incremental Build of configuration Default for project cds-rts-econo ****
make -C /home/dev/kendrion/cds-rts-econo/Templates/CmpEconoIECStatusControl/Linux all 
make: Entering directory `/home/dev/kendrion/cds-rts-econo/Templates/CmpEconoIECStatusControl/Linux'
make: Nothing to be done for `all'.
make: Leaving directory `/home/dev/kendrion/cds-rts-econo/Templates/CmpEconoIECStatusControl/Linux'
12:22:20 **** Incremental Build of configuration Default for project cds-rts-econo ****
make -C /home/dev/kendrion/cds-rts-econo/Templates/CmpEconoIECStatusControl/Linux all 
make: Entering directory `/home/dev/kendrion/cds-rts-econo/Templates/CmpEconoIECStatusControl/Linux'
make: Nothing to be done for `all'.
make: Leaving directory `/home/dev/kendrion/cds-rts-econo/Templates/CmpEconoIECStatusControl/Linux'
12:23:12 **** Incremental Build of configuration Default for project cds-rts-econo ****
make -C /home/dev/kendrion/cds-rts-econo/Templates/CmpEconoIECStatusControl/Linux all 
make: Entering directory `/home/dev/kendrion/cds-rts-econo/Templates/CmpEconoIECStatusControl/Linux'
make: Nothing to be done for `all'.
make: Leaving directory `/home/dev/kendrion/cds-rts-econo/Templates/CmpEconoIECStatusControl/Linux'
12:46:42 **** Build of configuration Default for project cds-rts-econo ****
make -C /home/dev/kendrion/cds-rts-econo/Templates/CmpEconoIECStatusControl/Linux all 
make: Entering directory `/home/dev/kendrion/cds-rts-econo/Templates/CmpEconoIECStatusControl/Linux'
make: Nothing to be done for `all'.
make: Leaving directory `/home/dev/kendrion/cds-rts-econo/Templates/CmpEconoIECStatusControl/Linux'
12:47:12 **** Incremental Build of configuration Default for project cds-rts-econo ****
make -C /home/dev/kendrion/cds-rts-econo/Templates/CmpEconoIECStatusControl/Linux all 
make: Entering directory `/home/dev/kendrion/cds-rts-econo/Templates/CmpEconoIECStatusControl/Linux'
make: Nothing to be done for `all'.
make: Leaving directory `/home/dev/kendrion/cds-rts-econo/Templates/CmpEconoIECStatusControl/Linux'
13:50:34 **** Incremental Build of configuration Default for project cds-rts-econo ****
make -C /home/dev/kendrion/cds-rts-econo/Templates/CmpEconoIECStatusControl/Linux all 
make: Entering directory `/home/dev/kendrion/cds-rts-econo/Templates/CmpEconoIECStatusControl/Linux'
make: Nothing to be done for `all'.
make: Leaving directory `/home/dev/kendrion/cds-rts-econo/Templates/CmpEconoIECStatusControl/Linux'
